running egg_info
creating ../../build/ros2_basics/ros2_basics.egg-info
writing ../../build/ros2_basics/ros2_basics.egg-info/PKG-INFO
writing dependency_links to ../../build/ros2_basics/ros2_basics.egg-info/dependency_links.txt
writing entry points to ../../build/ros2_basics/ros2_basics.egg-info/entry_points.txt
writing requirements to ../../build/ros2_basics/ros2_basics.egg-info/requires.txt
writing top-level names to ../../build/ros2_basics/ros2_basics.egg-info/top_level.txt
writing manifest file '../../build/ros2_basics/ros2_basics.egg-info/SOURCES.txt'
reading manifest file '../../build/ros2_basics/ros2_basics.egg-info/SOURCES.txt'
writing manifest file '../../build/ros2_basics/ros2_basics.egg-info/SOURCES.txt'
running build
running build_py
creating /home/chick/Documents/ros2-learnings/build/ros2_basics/build
creating /home/chick/Documents/ros2-learnings/build/ros2_basics/build/lib
creating /home/chick/Documents/ros2-learnings/build/ros2_basics/build/lib/ros2_basics
copying ros2_basics/__init__.py -> /home/chick/Documents/ros2-learnings/build/ros2_basics/build/lib/ros2_basics
copying ros2_basics/talker.py -> /home/chick/Documents/ros2-learnings/build/ros2_basics/build/lib/ros2_basics
running install
running install_lib
creating /home/chick/Documents/ros2-learnings/install/ros2_basics/lib/python3.10/site-packages/ros2_basics
copying /home/chick/Documents/ros2-learnings/build/ros2_basics/build/lib/ros2_basics/__init__.py -> /home/chick/Documents/ros2-learnings/install/ros2_basics/lib/python3.10/site-packages/ros2_basics
copying /home/chick/Documents/ros2-learnings/build/ros2_basics/build/lib/ros2_basics/talker.py -> /home/chick/Documents/ros2-learnings/install/ros2_basics/lib/python3.10/site-packages/ros2_basics
byte-compiling /home/chick/Documents/ros2-learnings/install/ros2_basics/lib/python3.10/site-packages/ros2_basics/__init__.py to __init__.cpython-310.pyc
byte-compiling /home/chick/Documents/ros2-learnings/install/ros2_basics/lib/python3.10/site-packages/ros2_basics/talker.py to talker.cpython-310.pyc
running install_data
creating /home/chick/Documents/ros2-learnings/install/ros2_basics/share/ament_index
creating /home/chick/Documents/ros2-learnings/install/ros2_basics/share/ament_index/resource_index
creating /home/chick/Documents/ros2-learnings/install/ros2_basics/share/ament_index/resource_index/packages
copying resource/ros2_basics -> /home/chick/Documents/ros2-learnings/install/ros2_basics/share/ament_index/resource_index/packages
copying package.xml -> /home/chick/Documents/ros2-learnings/install/ros2_basics/share/ros2_basics
running install_egg_info
Copying ../../build/ros2_basics/ros2_basics.egg-info to /home/chick/Documents/ros2-learnings/install/ros2_basics/lib/python3.10/site-packages/ros2_basics-0.0.0-py3.10.egg-info
running install_scripts
Installing talker script to /home/chick/Documents/ros2-learnings/install/ros2_basics/lib/ros2_basics
writing list of installed files to '/home/chick/Documents/ros2-learnings/build/ros2_basics/install.log'
