[0.373s] Invoking command in '/home/chick/Documents/ros2-learnings/src/ros2_basics': PYTHONPATH=/home/chick/Documents/ros2-learnings/build/ros2_basics/prefix_override:/usr/lib/python3/dist-packages/colcon_core/task/python/colcon_distutils_commands:/home/chick/Documents/ros2-learnings/install/ros2_basics/lib/python3.10/site-packages:${PYTHONPATH} /usr/bin/python3 -W ignore:setup.py install is deprecated -W ignore:easy_install command is deprecated setup.py egg_info --egg-base ../../build/ros2_basics build --build-base /home/chick/Documents/ros2-learnings/build/ros2_basics/build install --record /home/chick/Documents/ros2-learnings/build/ros2_basics/install.log --single-version-externally-managed install_data
[0.505s] running egg_info
[0.505s] creating ../../build/ros2_basics/ros2_basics.egg-info
[0.505s] writing ../../build/ros2_basics/ros2_basics.egg-info/PKG-INFO
[0.505s] writing dependency_links to ../../build/ros2_basics/ros2_basics.egg-info/dependency_links.txt
[0.505s] writing entry points to ../../build/ros2_basics/ros2_basics.egg-info/entry_points.txt
[0.505s] writing requirements to ../../build/ros2_basics/ros2_basics.egg-info/requires.txt
[0.505s] writing top-level names to ../../build/ros2_basics/ros2_basics.egg-info/top_level.txt
[0.505s] writing manifest file '../../build/ros2_basics/ros2_basics.egg-info/SOURCES.txt'
[0.506s] reading manifest file '../../build/ros2_basics/ros2_basics.egg-info/SOURCES.txt'
[0.507s] writing manifest file '../../build/ros2_basics/ros2_basics.egg-info/SOURCES.txt'
[0.507s] running build
[0.507s] running build_py
[0.507s] creating /home/chick/Documents/ros2-learnings/build/ros2_basics/build
[0.507s] creating /home/chick/Documents/ros2-learnings/build/ros2_basics/build/lib
[0.507s] creating /home/chick/Documents/ros2-learnings/build/ros2_basics/build/lib/ros2_basics
[0.507s] copying ros2_basics/__init__.py -> /home/chick/Documents/ros2-learnings/build/ros2_basics/build/lib/ros2_basics
[0.507s] copying ros2_basics/talker.py -> /home/chick/Documents/ros2-learnings/build/ros2_basics/build/lib/ros2_basics
[0.507s] running install
[0.507s] running install_lib
[0.508s] creating /home/chick/Documents/ros2-learnings/install/ros2_basics/lib/python3.10/site-packages/ros2_basics
[0.508s] copying /home/chick/Documents/ros2-learnings/build/ros2_basics/build/lib/ros2_basics/__init__.py -> /home/chick/Documents/ros2-learnings/install/ros2_basics/lib/python3.10/site-packages/ros2_basics
[0.508s] copying /home/chick/Documents/ros2-learnings/build/ros2_basics/build/lib/ros2_basics/talker.py -> /home/chick/Documents/ros2-learnings/install/ros2_basics/lib/python3.10/site-packages/ros2_basics
[0.508s] byte-compiling /home/chick/Documents/ros2-learnings/install/ros2_basics/lib/python3.10/site-packages/ros2_basics/__init__.py to __init__.cpython-310.pyc
[0.508s] byte-compiling /home/chick/Documents/ros2-learnings/install/ros2_basics/lib/python3.10/site-packages/ros2_basics/talker.py to talker.cpython-310.pyc
[0.508s] running install_data
[0.508s] creating /home/chick/Documents/ros2-learnings/install/ros2_basics/share/ament_index
[0.508s] creating /home/chick/Documents/ros2-learnings/install/ros2_basics/share/ament_index/resource_index
[0.508s] creating /home/chick/Documents/ros2-learnings/install/ros2_basics/share/ament_index/resource_index/packages
[0.508s] copying resource/ros2_basics -> /home/chick/Documents/ros2-learnings/install/ros2_basics/share/ament_index/resource_index/packages
[0.508s] copying package.xml -> /home/chick/Documents/ros2-learnings/install/ros2_basics/share/ros2_basics
[0.508s] running install_egg_info
[0.509s] Copying ../../build/ros2_basics/ros2_basics.egg-info to /home/chick/Documents/ros2-learnings/install/ros2_basics/lib/python3.10/site-packages/ros2_basics-0.0.0-py3.10.egg-info
[0.509s] running install_scripts
[0.522s] Installing talker script to /home/chick/Documents/ros2-learnings/install/ros2_basics/lib/ros2_basics
[0.522s] writing list of installed files to '/home/chick/Documents/ros2-learnings/build/ros2_basics/install.log'
[0.536s] Invoked command in '/home/chick/Documents/ros2-learnings/src/ros2_basics' returned '0': PYTHONPATH=/home/chick/Documents/ros2-learnings/build/ros2_basics/prefix_override:/usr/lib/python3/dist-packages/colcon_core/task/python/colcon_distutils_commands:/home/chick/Documents/ros2-learnings/install/ros2_basics/lib/python3.10/site-packages:${PYTHONPATH} /usr/bin/python3 -W ignore:setup.py install is deprecated -W ignore:easy_install command is deprecated setup.py egg_info --egg-base ../../build/ros2_basics build --build-base /home/chick/Documents/ros2-learnings/build/ros2_basics/build install --record /home/chick/Documents/ros2-learnings/build/ros2_basics/install.log --single-version-externally-managed install_data
